This file contains any messages produced by compilers while
running configure, to aid debugging if configure makes a mistake.

It was created by protobuf-c configure 1.2.1, which was
generated by GNU Autoconf 2.69.  Invocation command line was

  $ ./configure 

## --------- ##
## Platform. ##
## --------- ##

hostname = giga-node4
uname -m = x86_64
uname -r = 5.0.0-23-generic
uname -s = Linux
uname -v = #24~18.04.1-Ubuntu SMP Mon Jul 29 16:12:28 UTC 2019

/usr/bin/uname -p = unknown
/bin/uname -X     = unknown

/bin/arch              = unknown
/usr/bin/arch -k       = unknown
/usr/convex/getsysinfo = unknown
/usr/bin/hostinfo      = unknown
/bin/machine           = unknown
/usr/bin/oslevel       = unknown
/bin/universe          = unknown

PATH: /usr/local/cuda-11.1/bin
PATH: /home/work/anaconda3/bin
PATH: /home/work/anaconda3/condabin
PATH: /usr/local/sbin
PATH: /usr/local/bin
PATH: /usr/sbin
PATH: /usr/bin
PATH: /sbin
PATH: /bin
PATH: /usr/games
PATH: /usr/local/games
PATH: /snap/bin
PATH: /usr/local/go/bin


## ----------- ##
## Core tests. ##
## ----------- ##

configure:2593: checking for a BSD-compatible install
configure:2661: result: /usr/bin/install -c
configure:2672: checking whether build environment is sane
configure:2727: result: yes
configure:2878: checking for a thread-safe mkdir -p
configure:2917: result: /bin/mkdir -p
configure:2924: checking for gawk
configure:2954: result: no
configure:2924: checking for mawk
configure:2940: found /usr/bin/mawk
configure:2951: result: mawk
configure:2962: checking whether make sets $(MAKE)
configure:2984: result: yes
configure:3013: checking whether make supports nested variables
configure:3030: result: yes
configure:3168: checking for style of include used by make
configure:3196: result: GNU
configure:3267: checking for gcc
configure:3283: found /usr/bin/gcc
configure:3294: result: gcc
configure:3523: checking for C compiler version
configure:3532: gcc --version >&5
gcc (Ubuntu 7.3.0-16ubuntu3) 7.3.0
Copyright (C) 2017 Free Software Foundation, Inc.
This is free software; see the source for copying conditions.  There is NO
warranty; not even for MERCHANTABILITY or FITNESS FOR A PARTICULAR PURPOSE.

configure:3543: $? = 0
configure:3532: gcc -v >&5
Using built-in specs.
COLLECT_GCC=gcc
COLLECT_LTO_WRAPPER=/usr/lib/gcc/x86_64-linux-gnu/7/lto-wrapper
OFFLOAD_TARGET_NAMES=nvptx-none
OFFLOAD_TARGET_DEFAULT=1
Target: x86_64-linux-gnu
Configured with: ../src/configure -v --with-pkgversion='Ubuntu 7.3.0-16ubuntu3' --with-bugurl=file:///usr/share/doc/gcc-7/README.Bugs --enable-languages=c,ada,c++,go,brig,d,fortran,objc,obj-c++ --prefix=/usr --with-gcc-major-version-only --with-as=/usr/bin/x86_64-linux-gnu-as --with-ld=/usr/bin/x86_64-linux-gnu-ld --program-suffix=-7 --program-prefix=x86_64-linux-gnu- --enable-shared --enable-linker-build-id --libexecdir=/usr/lib --without-included-gettext --enable-threads=posix --libdir=/usr/lib --enable-nls --with-sysroot=/ --enable-clocale=gnu --enable-libstdcxx-debug --enable-libstdcxx-time=yes --with-default-libstdcxx-abi=new --enable-gnu-unique-object --disable-vtable-verify --enable-libmpx --enable-plugin --enable-default-pie --with-system-zlib --with-target-system-zlib --enable-objc-gc=auto --enable-multiarch --disable-werror --with-arch-32=i686 --with-abi=m64 --with-multilib-list=m32,m64,mx32 --enable-multilib --with-tune=generic --enable-offload-targets=nvptx-none --without-cuda-driver --enable-checking=release --build=x86_64-linux-gnu --host=x86_64-linux-gnu --target=x86_64-linux-gnu
Thread model: posix
gcc version 7.3.0 (Ubuntu 7.3.0-16ubuntu3) 
configure:3543: $? = 0
configure:3532: gcc -V >&5
gcc: error: unrecognized command line option '-V'
gcc: fatal error: no input files
compilation terminated.
configure:3543: $? = 1
configure:3532: gcc -qversion >&5
gcc: error: unrecognized command line option '-qversion'; did you mean '--version'?
gcc: fatal error: no input files
compilation terminated.
configure:3543: $? = 1
configure:3563: checking whether the C compiler works
configure:3585: gcc    conftest.c  >&5
configure:3589: $? = 0
configure:3637: result: yes
configure:3640: checking for C compiler default output file name
configure:3642: result: a.out
configure:3648: checking for suffix of executables
configure:3655: gcc -o conftest    conftest.c  >&5
configure:3659: $? = 0
configure:3681: result: 
configure:3703: checking whether we are cross compiling
configure:3711: gcc -o conftest    conftest.c  >&5
configure:3715: $? = 0
configure:3722: ./conftest
configure:3726: $? = 0
configure:3741: result: no
configure:3746: checking for suffix of object files
configure:3768: gcc -c   conftest.c >&5
configure:3772: $? = 0
configure:3793: result: o
configure:3797: checking whether we are using the GNU C compiler
configure:3816: gcc -c   conftest.c >&5
configure:3816: $? = 0
configure:3825: result: yes
configure:3834: checking whether gcc accepts -g
configure:3854: gcc -c -g  conftest.c >&5
configure:3854: $? = 0
configure:3895: result: yes
configure:3912: checking for gcc option to accept ISO C89
configure:3975: gcc  -c -g -O2  conftest.c >&5
configure:3975: $? = 0
configure:3988: result: none needed
configure:4013: checking whether gcc understands -c and -o together
configure:4035: gcc -c conftest.c -o conftest2.o
configure:4038: $? = 0
configure:4035: gcc -c conftest.c -o conftest2.o
configure:4038: $? = 0
configure:4050: result: yes
configure:4069: checking dependency style of gcc
configure:4180: result: gcc3
configure:4199: checking for gcc option to accept ISO C99
configure:4348: gcc  -c -g -O2  conftest.c >&5
configure:4348: $? = 0
configure:4361: result: none needed
configure:4469: checking for gcc option to accept ISO Standard C
configure:4480: result: none needed
configure:4545: checking for g++
configure:4561: found /usr/bin/g++
configure:4572: result: g++
configure:4599: checking for C++ compiler version
configure:4608: g++ --version >&5
g++ (Ubuntu 7.3.0-16ubuntu3) 7.3.0
Copyright (C) 2017 Free Software Foundation, Inc.
This is free software; see the source for copying conditions.  There is NO
warranty; not even for MERCHANTABILITY or FITNESS FOR A PARTICULAR PURPOSE.

configure:4619: $? = 0
configure:4608: g++ -v >&5
Using built-in specs.
COLLECT_GCC=g++
COLLECT_LTO_WRAPPER=/usr/lib/gcc/x86_64-linux-gnu/7/lto-wrapper
OFFLOAD_TARGET_NAMES=nvptx-none
OFFLOAD_TARGET_DEFAULT=1
Target: x86_64-linux-gnu
Configured with: ../src/configure -v --with-pkgversion='Ubuntu 7.3.0-16ubuntu3' --with-bugurl=file:///usr/share/doc/gcc-7/README.Bugs --enable-languages=c,ada,c++,go,brig,d,fortran,objc,obj-c++ --prefix=/usr --with-gcc-major-version-only --with-as=/usr/bin/x86_64-linux-gnu-as --with-ld=/usr/bin/x86_64-linux-gnu-ld --program-suffix=-7 --program-prefix=x86_64-linux-gnu- --enable-shared --enable-linker-build-id --libexecdir=/usr/lib --without-included-gettext --enable-threads=posix --libdir=/usr/lib --enable-nls --with-sysroot=/ --enable-clocale=gnu --enable-libstdcxx-debug --enable-libstdcxx-time=yes --with-default-libstdcxx-abi=new --enable-gnu-unique-object --disable-vtable-verify --enable-libmpx --enable-plugin --enable-default-pie --with-system-zlib --with-target-system-zlib --enable-objc-gc=auto --enable-multiarch --disable-werror --with-arch-32=i686 --with-abi=m64 --with-multilib-list=m32,m64,mx32 --enable-multilib --with-tune=generic --enable-offload-targets=nvptx-none --without-cuda-driver --enable-checking=release --build=x86_64-linux-gnu --host=x86_64-linux-gnu --target=x86_64-linux-gnu
Thread model: posix
gcc version 7.3.0 (Ubuntu 7.3.0-16ubuntu3) 
configure:4619: $? = 0
configure:4608: g++ -V >&5
g++: error: unrecognized command line option '-V'
g++: fatal error: no input files
compilation terminated.
configure:4619: $? = 1
configure:4608: g++ -qversion >&5
g++: error: unrecognized command line option '-qversion'; did you mean '--version'?
g++: fatal error: no input files
compilation terminated.
configure:4619: $? = 1
configure:4623: checking whether we are using the GNU C++ compiler
configure:4642: g++ -c   conftest.cpp >&5
configure:4642: $? = 0
configure:4651: result: yes
configure:4660: checking whether g++ accepts -g
configure:4680: g++ -c -g  conftest.cpp >&5
configure:4680: $? = 0
configure:4721: result: yes
configure:4746: checking dependency style of g++
configure:4857: result: gcc3
configure:4872: checking whether ln -s works
configure:4876: result: yes
configure:4890: checking how to run the C preprocessor
configure:4921: gcc -E  conftest.c
configure:4921: $? = 0
configure:4935: gcc -E  conftest.c
conftest.c:11:10: fatal error: ac_nonexistent.h: No such file or directory
 #include <ac_nonexistent.h>
          ^~~~~~~~~~~~~~~~~~
compilation terminated.
configure:4935: $? = 1
configure: failed program was:
| /* confdefs.h */
| #define PACKAGE_NAME "protobuf-c"
| #define PACKAGE_TARNAME "protobuf-c"
| #define PACKAGE_VERSION "1.2.1"
| #define PACKAGE_STRING "protobuf-c 1.2.1"
| #define PACKAGE_BUGREPORT "https://github.com/protobuf-c/protobuf-c/issues"
| #define PACKAGE_URL "https://github.com/protobuf-c/protobuf-c"
| #define PACKAGE "protobuf-c"
| #define VERSION "1.2.1"
| /* end confdefs.h.  */
| #include <ac_nonexistent.h>
configure:4960: result: gcc -E
configure:4980: gcc -E  conftest.c
configure:4980: $? = 0
configure:4994: gcc -E  conftest.c
conftest.c:11:10: fatal error: ac_nonexistent.h: No such file or directory
 #include <ac_nonexistent.h>
          ^~~~~~~~~~~~~~~~~~
compilation terminated.
configure:4994: $? = 1
configure: failed program was:
| /* confdefs.h */
| #define PACKAGE_NAME "protobuf-c"
| #define PACKAGE_TARNAME "protobuf-c"
| #define PACKAGE_VERSION "1.2.1"
| #define PACKAGE_STRING "protobuf-c 1.2.1"
| #define PACKAGE_BUGREPORT "https://github.com/protobuf-c/protobuf-c/issues"
| #define PACKAGE_URL "https://github.com/protobuf-c/protobuf-c"
| #define PACKAGE "protobuf-c"
| #define VERSION "1.2.1"
| /* end confdefs.h.  */
| #include <ac_nonexistent.h>
configure:5023: checking for grep that handles long lines and -e
configure:5081: result: /bin/grep
configure:5086: checking for egrep
configure:5148: result: /bin/grep -E
configure:5153: checking for ANSI C header files
configure:5173: gcc -c -g -O2  conftest.c >&5
configure:5173: $? = 0
configure:5246: gcc -o conftest -g -O2   conftest.c  >&5
configure:5246: $? = 0
configure:5246: ./conftest
configure:5246: $? = 0
configure:5257: result: yes
configure:5270: checking for sys/types.h
configure:5270: gcc -c -g -O2  conftest.c >&5
configure:5270: $? = 0
configure:5270: result: yes
configure:5270: checking for sys/stat.h
configure:5270: gcc -c -g -O2  conftest.c >&5
configure:5270: $? = 0
configure:5270: result: yes
configure:5270: checking for stdlib.h
configure:5270: gcc -c -g -O2  conftest.c >&5
configure:5270: $? = 0
configure:5270: result: yes
configure:5270: checking for string.h
configure:5270: gcc -c -g -O2  conftest.c >&5
configure:5270: $? = 0
configure:5270: result: yes
configure:5270: checking for memory.h
configure:5270: gcc -c -g -O2  conftest.c >&5
configure:5270: $? = 0
configure:5270: result: yes
configure:5270: checking for strings.h
configure:5270: gcc -c -g -O2  conftest.c >&5
configure:5270: $? = 0
configure:5270: result: yes
configure:5270: checking for inttypes.h
configure:5270: gcc -c -g -O2  conftest.c >&5
configure:5270: $? = 0
configure:5270: result: yes
configure:5270: checking for stdint.h
configure:5270: gcc -c -g -O2  conftest.c >&5
configure:5270: $? = 0
configure:5270: result: yes
configure:5270: checking for unistd.h
configure:5270: gcc -c -g -O2  conftest.c >&5
configure:5270: $? = 0
configure:5270: result: yes
configure:5283: checking minix/config.h usability
configure:5283: gcc -c -g -O2  conftest.c >&5
conftest.c:54:10: fatal error: minix/config.h: No such file or directory
 #include <minix/config.h>
          ^~~~~~~~~~~~~~~~
compilation terminated.
configure:5283: $? = 1
configure: failed program was:
| /* confdefs.h */
| #define PACKAGE_NAME "protobuf-c"
| #define PACKAGE_TARNAME "protobuf-c"
| #define PACKAGE_VERSION "1.2.1"
| #define PACKAGE_STRING "protobuf-c 1.2.1"
| #define PACKAGE_BUGREPORT "https://github.com/protobuf-c/protobuf-c/issues"
| #define PACKAGE_URL "https://github.com/protobuf-c/protobuf-c"
| #define PACKAGE "protobuf-c"
| #define VERSION "1.2.1"
| #define STDC_HEADERS 1
| #define HAVE_SYS_TYPES_H 1
| #define HAVE_SYS_STAT_H 1
| #define HAVE_STDLIB_H 1
| #define HAVE_STRING_H 1
| #define HAVE_MEMORY_H 1
| #define HAVE_STRINGS_H 1
| #define HAVE_INTTYPES_H 1
| #define HAVE_STDINT_H 1
| #define HAVE_UNISTD_H 1
| /* end confdefs.h.  */
| #include <stdio.h>
| #ifdef HAVE_SYS_TYPES_H
| # include <sys/types.h>
| #endif
| #ifdef HAVE_SYS_STAT_H
| # include <sys/stat.h>
| #endif
| #ifdef STDC_HEADERS
| # include <stdlib.h>
| # include <stddef.h>
| #else
| # ifdef HAVE_STDLIB_H
| #  include <stdlib.h>
| # endif
| #endif
| #ifdef HAVE_STRING_H
| # if !defined STDC_HEADERS && defined HAVE_MEMORY_H
| #  include <memory.h>
| # endif
| # include <string.h>
| #endif
| #ifdef HAVE_STRINGS_H
| # include <strings.h>
| #endif
| #ifdef HAVE_INTTYPES_H
| # include <inttypes.h>
| #endif
| #ifdef HAVE_STDINT_H
| # include <stdint.h>
| #endif
| #ifdef HAVE_UNISTD_H
| # include <unistd.h>
| #endif
| #include <minix/config.h>
configure:5283: result: no
configure:5283: checking minix/config.h presence
configure:5283: gcc -E  conftest.c
conftest.c:21:10: fatal error: minix/config.h: No such file or directory
 #include <minix/config.h>
          ^~~~~~~~~~~~~~~~
compilation terminated.
configure:5283: $? = 1
configure: failed program was:
| /* confdefs.h */
| #define PACKAGE_NAME "protobuf-c"
| #define PACKAGE_TARNAME "protobuf-c"
| #define PACKAGE_VERSION "1.2.1"
| #define PACKAGE_STRING "protobuf-c 1.2.1"
| #define PACKAGE_BUGREPORT "https://github.com/protobuf-c/protobuf-c/issues"
| #define PACKAGE_URL "https://github.com/protobuf-c/protobuf-c"
| #define PACKAGE "protobuf-c"
| #define VERSION "1.2.1"
| #define STDC_HEADERS 1
| #define HAVE_SYS_TYPES_H 1
| #define HAVE_SYS_STAT_H 1
| #define HAVE_STDLIB_H 1
| #define HAVE_STRING_H 1
| #define HAVE_MEMORY_H 1
| #define HAVE_STRINGS_H 1
| #define HAVE_INTTYPES_H 1
| #define HAVE_STDINT_H 1
| #define HAVE_UNISTD_H 1
| /* end confdefs.h.  */
| #include <minix/config.h>
configure:5283: result: no
configure:5283: checking for minix/config.h
configure:5283: result: no
configure:5304: checking whether it is safe to define __EXTENSIONS__
configure:5322: gcc -c -g -O2  conftest.c >&5
configure:5322: $? = 0
configure:5329: result: yes
configure:5350: checking for special C compiler options needed for large files
configure:5395: result: no
configure:5401: checking for _FILE_OFFSET_BITS value needed for large files
configure:5426: gcc -c -g -O2  conftest.c >&5
configure:5426: $? = 0
configure:5458: result: no
configure:5555: checking whether make supports nested variables
configure:5572: result: yes
configure:5612: checking build system type
configure:5626: result: x86_64-pc-linux-gnu
configure:5646: checking host system type
configure:5659: result: x86_64-pc-linux-gnu
configure:5700: checking how to print strings
configure:5727: result: printf
configure:5748: checking for a sed that does not truncate output
configure:5812: result: /bin/sed
configure:5830: checking for fgrep
configure:5892: result: /bin/grep -F
configure:5927: checking for ld used by gcc
configure:5994: result: /usr/bin/x86_64-linux-gnu-ld
configure:6001: checking if the linker (/usr/bin/x86_64-linux-gnu-ld) is GNU ld
configure:6016: result: yes
configure:6028: checking for BSD- or MS-compatible name lister (nm)
configure:6077: result: /usr/bin/nm -B
configure:6207: checking the name lister (/usr/bin/nm -B) interface
configure:6214: gcc -c -g -O2  conftest.c >&5
configure:6217: /usr/bin/nm -B "conftest.o"
configure:6220: output
0000000000000000 B some_variable
configure:6227: result: BSD nm
configure:6231: checking the maximum length of command line arguments
configure:6362: result: 1572864
configure:6379: checking whether the shell understands some XSI constructs
configure:6389: result: yes
configure:6393: checking whether the shell understands "+="
configure:6399: result: yes
configure:6434: checking how to convert x86_64-pc-linux-gnu file names to x86_64-pc-linux-gnu format
configure:6474: result: func_convert_file_noop
configure:6481: checking how to convert x86_64-pc-linux-gnu file names to toolchain format
configure:6501: result: func_convert_file_noop
configure:6508: checking for /usr/bin/x86_64-linux-gnu-ld option to reload object files
configure:6515: result: -r
configure:6589: checking for objdump
configure:6605: found /usr/bin/objdump
configure:6616: result: objdump
configure:6648: checking how to recognize dependent libraries
configure:6846: result: pass_all
configure:6931: checking for dlltool
configure:6961: result: no
configure:6991: checking how to associate runtime and link libraries
configure:7018: result: printf %s\n
configure:7078: checking for ar
configure:7094: found /usr/bin/ar
configure:7105: result: ar
configure:7142: checking for archiver @FILE support
configure:7159: gcc -c -g -O2  conftest.c >&5
configure:7159: $? = 0
configure:7162: ar cru libconftest.a @conftest.lst >&5
ar: `u' modifier ignored since `D' is the default (see `U')
configure:7165: $? = 0
configure:7170: ar cru libconftest.a @conftest.lst >&5
ar: `u' modifier ignored since `D' is the default (see `U')
ar: conftest.o: No such file or directory
configure:7173: $? = 1
configure:7185: result: @
configure:7243: checking for strip
configure:7259: found /usr/bin/strip
configure:7270: result: strip
configure:7342: checking for ranlib
configure:7358: found /usr/bin/ranlib
configure:7369: result: ranlib
configure:7471: checking command to parse /usr/bin/nm -B output from gcc object
configure:7591: gcc -c -g -O2  conftest.c >&5
configure:7594: $? = 0
configure:7598: /usr/bin/nm -B conftest.o \| sed -n -e 's/^.*[ ]\([ABCDGIRSTW][ABCDGIRSTW]*\)[ ][ ]*\([_A-Za-z][_A-Za-z0-9]*\)$/\1 \2 \2/p' | sed '/ __gnu_lto/d' \> conftest.nm
configure:7601: $? = 0
configure:7667: gcc -o conftest -g -O2   conftest.c conftstm.o >&5
configure:7670: $? = 0
configure:7708: result: ok
configure:7745: checking for sysroot
configure:7775: result: no
configure:7852: gcc -c -g -O2  conftest.c >&5
configure:7855: $? = 0
configure:8044: checking for mt
configure:8060: found /bin/mt
configure:8071: result: mt
configure:8094: checking if mt is a manifest tool
configure:8100: mt '-?'
configure:8108: result: no
configure:8747: checking for dlfcn.h
configure:8747: gcc -c -g -O2  conftest.c >&5
configure:8747: $? = 0
configure:8747: result: yes
configure:8964: checking for objdir
configure:8979: result: .libs
configure:9250: checking if gcc supports -fno-rtti -fno-exceptions
configure:9268: gcc -c -g -O2  -fno-rtti -fno-exceptions conftest.c >&5
cc1: warning: command line option '-fno-rtti' is valid for C++/ObjC++ but not for C
configure:9272: $? = 0
configure:9285: result: no
configure:9612: checking for gcc option to produce PIC
configure:9619: result: -fPIC -DPIC
configure:9627: checking if gcc PIC flag -fPIC -DPIC works
configure:9645: gcc -c -g -O2  -fPIC -DPIC -DPIC conftest.c >&5
configure:9649: $? = 0
configure:9662: result: yes
configure:9691: checking if gcc static flag -static works
configure:9719: result: yes
configure:9734: checking if gcc supports -c -o file.o
configure:9755: gcc -c -g -O2  -o out/conftest2.o conftest.c >&5
configure:9759: $? = 0
configure:9781: result: yes
configure:9789: checking if gcc supports -c -o file.o
configure:9836: result: yes
configure:9869: checking whether the gcc linker (/usr/bin/x86_64-linux-gnu-ld -m elf_x86_64) supports shared libraries
configure:11026: result: yes
configure:11063: checking whether -lc should be explicitly linked in
configure:11071: gcc -c -g -O2  conftest.c >&5
configure:11074: $? = 0
configure:11089: gcc -shared  -fPIC -DPIC conftest.o  -v -Wl,-soname -Wl,conftest -o conftest 2\>\&1 \| /bin/grep  -lc  \>/dev/null 2\>\&1
configure:11092: $? = 0
configure:11106: result: no
configure:11266: checking dynamic linker characteristics
configure:11766: gcc -o conftest -g -O2   -Wl,-rpath -Wl,/foo conftest.c  >&5
configure:11766: $? = 0
configure:12000: result: GNU/Linux ld.so
configure:12107: checking how to hardcode library paths into programs
configure:12132: result: immediate
configure:12672: checking whether stripping libraries is possible
configure:12677: result: yes
configure:12712: checking if libtool supports shared libraries
configure:12714: result: yes
configure:12717: checking whether to build shared libraries
configure:12738: result: yes
configure:12741: checking whether to build static libraries
configure:12745: result: yes
configure:12768: checking how to run the C++ preprocessor
configure:12795: g++ -E  conftest.cpp
configure:12795: $? = 0
configure:12809: g++ -E  conftest.cpp
conftest.cpp:28:10: fatal error: ac_nonexistent.h: No such file or directory
 #include <ac_nonexistent.h>
          ^~~~~~~~~~~~~~~~~~
compilation terminated.
configure:12809: $? = 1
configure: failed program was:
| /* confdefs.h */
| #define PACKAGE_NAME "protobuf-c"
| #define PACKAGE_TARNAME "protobuf-c"
| #define PACKAGE_VERSION "1.2.1"
| #define PACKAGE_STRING "protobuf-c 1.2.1"
| #define PACKAGE_BUGREPORT "https://github.com/protobuf-c/protobuf-c/issues"
| #define PACKAGE_URL "https://github.com/protobuf-c/protobuf-c"
| #define PACKAGE "protobuf-c"
| #define VERSION "1.2.1"
| #define STDC_HEADERS 1
| #define HAVE_SYS_TYPES_H 1
| #define HAVE_SYS_STAT_H 1
| #define HAVE_STDLIB_H 1
| #define HAVE_STRING_H 1
| #define HAVE_MEMORY_H 1
| #define HAVE_STRINGS_H 1
| #define HAVE_INTTYPES_H 1
| #define HAVE_STDINT_H 1
| #define HAVE_UNISTD_H 1
| #define __EXTENSIONS__ 1
| #define _ALL_SOURCE 1
| #define _GNU_SOURCE 1
| #define _POSIX_PTHREAD_SEMANTICS 1
| #define _TANDEM_SOURCE 1
| #define HAVE_DLFCN_H 1
| #define LT_OBJDIR ".libs/"
| /* end confdefs.h.  */
| #include <ac_nonexistent.h>
configure:12834: result: g++ -E
configure:12854: g++ -E  conftest.cpp
configure:12854: $? = 0
configure:12868: g++ -E  conftest.cpp
conftest.cpp:28:10: fatal error: ac_nonexistent.h: No such file or directory
 #include <ac_nonexistent.h>
          ^~~~~~~~~~~~~~~~~~
compilation terminated.
configure:12868: $? = 1
configure: failed program was:
| /* confdefs.h */
| #define PACKAGE_NAME "protobuf-c"
| #define PACKAGE_TARNAME "protobuf-c"
| #define PACKAGE_VERSION "1.2.1"
| #define PACKAGE_STRING "protobuf-c 1.2.1"
| #define PACKAGE_BUGREPORT "https://github.com/protobuf-c/protobuf-c/issues"
| #define PACKAGE_URL "https://github.com/protobuf-c/protobuf-c"
| #define PACKAGE "protobuf-c"
| #define VERSION "1.2.1"
| #define STDC_HEADERS 1
| #define HAVE_SYS_TYPES_H 1
| #define HAVE_SYS_STAT_H 1
| #define HAVE_STDLIB_H 1
| #define HAVE_STRING_H 1
| #define HAVE_MEMORY_H 1
| #define HAVE_STRINGS_H 1
| #define HAVE_INTTYPES_H 1
| #define HAVE_STDINT_H 1
| #define HAVE_UNISTD_H 1
| #define __EXTENSIONS__ 1
| #define _ALL_SOURCE 1
| #define _GNU_SOURCE 1
| #define _POSIX_PTHREAD_SEMANTICS 1
| #define _TANDEM_SOURCE 1
| #define HAVE_DLFCN_H 1
| #define LT_OBJDIR ".libs/"
| /* end confdefs.h.  */
| #include <ac_nonexistent.h>
configure:13037: checking for ld used by g++
configure:13104: result: /usr/bin/x86_64-linux-gnu-ld -m elf_x86_64
configure:13111: checking if the linker (/usr/bin/x86_64-linux-gnu-ld -m elf_x86_64) is GNU ld
configure:13126: result: yes
configure:13181: checking whether the g++ linker (/usr/bin/x86_64-linux-gnu-ld -m elf_x86_64) supports shared libraries
configure:14183: result: yes
configure:14219: g++ -c -g -O2  conftest.cpp >&5
configure:14222: $? = 0
configure:14742: checking for g++ option to produce PIC
configure:14749: result: -fPIC -DPIC
configure:14757: checking if g++ PIC flag -fPIC -DPIC works
configure:14775: g++ -c -g -O2  -fPIC -DPIC -DPIC conftest.cpp >&5
configure:14779: $? = 0
configure:14792: result: yes
configure:14815: checking if g++ static flag -static works
configure:14843: result: yes
configure:14855: checking if g++ supports -c -o file.o
configure:14876: g++ -c -g -O2  -o out/conftest2.o conftest.cpp >&5
configure:14880: $? = 0
configure:14902: result: yes
configure:14907: checking if g++ supports -c -o file.o
configure:14954: result: yes
configure:14984: checking whether the g++ linker (/usr/bin/x86_64-linux-gnu-ld -m elf_x86_64) supports shared libraries
configure:15023: result: yes
configure:15164: checking dynamic linker characteristics
configure:15832: result: GNU/Linux ld.so
configure:15885: checking how to hardcode library paths into programs
configure:15910: result: immediate
configure:15981: checking for doxygen
configure:16011: result: no
configure:16089: checking for pkg-config
configure:16107: found /usr/bin/pkg-config
configure:16119: result: /usr/bin/pkg-config
configure:16144: checking pkg-config is at least version 0.9.0
configure:16147: result: yes
configure:16206: checking for protobuf
configure:16213: $PKG_CONFIG --exists --print-errors "protobuf >= 2.6.0"
configure:16216: $? = 0
configure:16230: $PKG_CONFIG --exists --print-errors "protobuf >= 2.6.0"
configure:16233: $? = 0
configure:16291: result: yes
configure:16301: checking google/protobuf/compiler/command_line_interface.h usability
configure:16301: g++ -c -g -O2  -pthread -I/usr/local/include conftest.cpp >&5
configure:16301: $? = 0
configure:16301: result: yes
configure:16301: checking google/protobuf/compiler/command_line_interface.h presence
configure:16301: g++ -E  -pthread -I/usr/local/include conftest.cpp
configure:16301: $? = 0
configure:16301: result: yes
configure:16301: checking for google/protobuf/compiler/command_line_interface.h
configure:16301: result: yes
configure:16318: checking for protoc
configure:16337: found /usr/local/bin/protoc
configure:16349: result: /usr/local/bin/protoc
configure:16388: checking if LD -Wl,--version-script works
configure:16406: g++ -o conftest -g -O2   -Wl,--version-script=conftest.map conftest.cpp  >&5
/usr/bin/x86_64-linux-gnu-ld:conftest.map:0: syntax error in VERSION script
collect2: error: ld returned 1 exit status
configure:16406: $? = 1
configure: failed program was:
| /* confdefs.h */
| #define PACKAGE_NAME "protobuf-c"
| #define PACKAGE_TARNAME "protobuf-c"
| #define PACKAGE_VERSION "1.2.1"
| #define PACKAGE_STRING "protobuf-c 1.2.1"
| #define PACKAGE_BUGREPORT "https://github.com/protobuf-c/protobuf-c/issues"
| #define PACKAGE_URL "https://github.com/protobuf-c/protobuf-c"
| #define PACKAGE "protobuf-c"
| #define VERSION "1.2.1"
| #define STDC_HEADERS 1
| #define HAVE_SYS_TYPES_H 1
| #define HAVE_SYS_STAT_H 1
| #define HAVE_STDLIB_H 1
| #define HAVE_STRING_H 1
| #define HAVE_MEMORY_H 1
| #define HAVE_STRINGS_H 1
| #define HAVE_INTTYPES_H 1
| #define HAVE_STDINT_H 1
| #define HAVE_UNISTD_H 1
| #define __EXTENSIONS__ 1
| #define _ALL_SOURCE 1
| #define _GNU_SOURCE 1
| #define _POSIX_PTHREAD_SEMANTICS 1
| #define _TANDEM_SOURCE 1
| #define HAVE_DLFCN_H 1
| #define LT_OBJDIR ".libs/"
| #define HAVE_GOOGLE_PROTOBUF_COMPILER_COMMAND_LINE_INTERFACE_H 1
| /* end confdefs.h.  */
| 
| int
| main ()
| {
| 
|   ;
|   return 0;
| }
configure:16434: g++ -o conftest -g -O2   -Wl,--version-script=conftest.map conftest.cpp  >&5
configure:16434: $? = 0
configure:16446: result: yes
configure:16523: checking whether self tests are run under valgrind
configure:16525: result: no
configure:16530: checking whether to build with code coverage support
configure:16549: result: no
configure:16738: checking whether byte ordering is bigendian
configure:16753: g++ -c -g -O2  conftest.cpp >&5
conftest.cpp:30:9: error: expected unqualified-id before 'not' token
         not a universal capable compiler
         ^~~
configure:16753: $? = 1
configure: failed program was:
| /* confdefs.h */
| #define PACKAGE_NAME "protobuf-c"
| #define PACKAGE_TARNAME "protobuf-c"
| #define PACKAGE_VERSION "1.2.1"
| #define PACKAGE_STRING "protobuf-c 1.2.1"
| #define PACKAGE_BUGREPORT "https://github.com/protobuf-c/protobuf-c/issues"
| #define PACKAGE_URL "https://github.com/protobuf-c/protobuf-c"
| #define PACKAGE "protobuf-c"
| #define VERSION "1.2.1"
| #define STDC_HEADERS 1
| #define HAVE_SYS_TYPES_H 1
| #define HAVE_SYS_STAT_H 1
| #define HAVE_STDLIB_H 1
| #define HAVE_STRING_H 1
| #define HAVE_MEMORY_H 1
| #define HAVE_STRINGS_H 1
| #define HAVE_INTTYPES_H 1
| #define HAVE_STDINT_H 1
| #define HAVE_UNISTD_H 1
| #define __EXTENSIONS__ 1
| #define _ALL_SOURCE 1
| #define _GNU_SOURCE 1
| #define _POSIX_PTHREAD_SEMANTICS 1
| #define _TANDEM_SOURCE 1
| #define HAVE_DLFCN_H 1
| #define LT_OBJDIR ".libs/"
| #define HAVE_GOOGLE_PROTOBUF_COMPILER_COMMAND_LINE_INTERFACE_H 1
| /* end confdefs.h.  */
| #ifndef __APPLE_CC__
| 	       not a universal capable compiler
| 	     #endif
| 	     typedef int dummy;
| 
configure:16798: g++ -c -g -O2  conftest.cpp >&5
configure:16798: $? = 0
configure:16816: g++ -c -g -O2  conftest.cpp >&5
conftest.cpp: In function 'int main()':
conftest.cpp:36:8: error: 'big' was not declared in this scope
    not big endian
        ^~~
configure:16816: $? = 1
configure: failed program was:
| /* confdefs.h */
| #define PACKAGE_NAME "protobuf-c"
| #define PACKAGE_TARNAME "protobuf-c"
| #define PACKAGE_VERSION "1.2.1"
| #define PACKAGE_STRING "protobuf-c 1.2.1"
| #define PACKAGE_BUGREPORT "https://github.com/protobuf-c/protobuf-c/issues"
| #define PACKAGE_URL "https://github.com/protobuf-c/protobuf-c"
| #define PACKAGE "protobuf-c"
| #define VERSION "1.2.1"
| #define STDC_HEADERS 1
| #define HAVE_SYS_TYPES_H 1
| #define HAVE_SYS_STAT_H 1
| #define HAVE_STDLIB_H 1
| #define HAVE_STRING_H 1
| #define HAVE_MEMORY_H 1
| #define HAVE_STRINGS_H 1
| #define HAVE_INTTYPES_H 1
| #define HAVE_STDINT_H 1
| #define HAVE_UNISTD_H 1
| #define __EXTENSIONS__ 1
| #define _ALL_SOURCE 1
| #define _GNU_SOURCE 1
| #define _POSIX_PTHREAD_SEMANTICS 1
| #define _TANDEM_SOURCE 1
| #define HAVE_DLFCN_H 1
| #define LT_OBJDIR ".libs/"
| #define HAVE_GOOGLE_PROTOBUF_COMPILER_COMMAND_LINE_INTERFACE_H 1
| /* end confdefs.h.  */
| #include <sys/types.h>
| 		#include <sys/param.h>
| 
| int
| main ()
| {
| #if BYTE_ORDER != BIG_ENDIAN
| 		 not big endian
| 		#endif
| 
|   ;
|   return 0;
| }
configure:16944: result: no
configure:17072: checking that generated files are newer than configure
configure:17078: result: done
configure:17126: creating ./config.status

## ---------------------- ##
## Running config.status. ##
## ---------------------- ##

This file was extended by protobuf-c config.status 1.2.1, which was
generated by GNU Autoconf 2.69.  Invocation command line was

  CONFIG_FILES    = 
  CONFIG_HEADERS  = 
  CONFIG_LINKS    = 
  CONFIG_COMMANDS = 
  $ ./config.status 

on giga-node4

config.status:1256: creating Makefile
config.status:1256: creating protobuf-c/libprotobuf-c.pc
config.status:1256: creating config.h
config.status:1485: executing depfiles commands
config.status:1485: executing libtool commands
configure:19636: result:
    protobuf-c 1.2.1

        CC:                     gcc
        CFLAGS:                 -g -O2
        CXX:                    g++
        CXXFLAGS:               -g -O2
        LDFLAGS:                
        LIBS:                   

        prefix:                 /usr/local
        sysconfdir:             ${prefix}/etc
        libdir:                 ${exec_prefix}/lib
        includedir:             ${prefix}/include
        pkgconfigdir:           ${libdir}/pkgconfig

        bigendian:              no
        protobuf version:       libprotoc 2.6.1


## ---------------- ##
## Cache variables. ##
## ---------------- ##

ac_cv_build=x86_64-pc-linux-gnu
ac_cv_c_bigendian=no
ac_cv_c_compiler_gnu=yes
ac_cv_cxx_compiler_gnu=yes
ac_cv_env_CCC_set=
ac_cv_env_CCC_value=
ac_cv_env_CC_set=
ac_cv_env_CC_value=
ac_cv_env_CFLAGS_set=
ac_cv_env_CFLAGS_value=
ac_cv_env_CPPFLAGS_set=
ac_cv_env_CPPFLAGS_value=
ac_cv_env_CPP_set=
ac_cv_env_CPP_value=
ac_cv_env_CXXCPP_set=
ac_cv_env_CXXCPP_value=
ac_cv_env_CXXFLAGS_set=
ac_cv_env_CXXFLAGS_value=
ac_cv_env_CXX_set=
ac_cv_env_CXX_value=
ac_cv_env_LDFLAGS_set=
ac_cv_env_LDFLAGS_value=
ac_cv_env_LIBS_set=
ac_cv_env_LIBS_value=
ac_cv_env_PKG_CONFIG_LIBDIR_set=
ac_cv_env_PKG_CONFIG_LIBDIR_value=
ac_cv_env_PKG_CONFIG_PATH_set=
ac_cv_env_PKG_CONFIG_PATH_value=
ac_cv_env_PKG_CONFIG_set=
ac_cv_env_PKG_CONFIG_value=
ac_cv_env_PROTOC_set=
ac_cv_env_PROTOC_value=
ac_cv_env_build_alias_set=
ac_cv_env_build_alias_value=
ac_cv_env_host_alias_set=
ac_cv_env_host_alias_value=
ac_cv_env_protobuf_CFLAGS_set=
ac_cv_env_protobuf_CFLAGS_value=
ac_cv_env_protobuf_LIBS_set=
ac_cv_env_protobuf_LIBS_value=
ac_cv_env_target_alias_set=
ac_cv_env_target_alias_value=
ac_cv_header_dlfcn_h=yes
ac_cv_header_google_protobuf_compiler_command_line_interface_h=yes
ac_cv_header_inttypes_h=yes
ac_cv_header_memory_h=yes
ac_cv_header_minix_config_h=no
ac_cv_header_stdc=yes
ac_cv_header_stdint_h=yes
ac_cv_header_stdlib_h=yes
ac_cv_header_string_h=yes
ac_cv_header_strings_h=yes
ac_cv_header_sys_stat_h=yes
ac_cv_header_sys_types_h=yes
ac_cv_header_unistd_h=yes
ac_cv_host=x86_64-pc-linux-gnu
ac_cv_objext=o
ac_cv_path_EGREP='/bin/grep -E'
ac_cv_path_FGREP='/bin/grep -F'
ac_cv_path_GREP=/bin/grep
ac_cv_path_PROTOC=/usr/local/bin/protoc
ac_cv_path_SED=/bin/sed
ac_cv_path_ac_pt_PKG_CONFIG=/usr/bin/pkg-config
ac_cv_path_install='/usr/bin/install -c'
ac_cv_path_mkdir=/bin/mkdir
ac_cv_prog_AWK=mawk
ac_cv_prog_CPP='gcc -E'
ac_cv_prog_CXXCPP='g++ -E'
ac_cv_prog_ac_ct_AR=ar
ac_cv_prog_ac_ct_CC=gcc
ac_cv_prog_ac_ct_CXX=g++
ac_cv_prog_ac_ct_MANIFEST_TOOL=mt
ac_cv_prog_ac_ct_OBJDUMP=objdump
ac_cv_prog_ac_ct_RANLIB=ranlib
ac_cv_prog_ac_ct_STRIP=strip
ac_cv_prog_cc_c89=
ac_cv_prog_cc_c99=
ac_cv_prog_cc_g=yes
ac_cv_prog_cc_stdc=
ac_cv_prog_cxx_g=yes
ac_cv_prog_make_make_set=yes
ac_cv_safe_to_define___extensions__=yes
ac_cv_sys_file_offset_bits=no
ac_cv_sys_largefile_CC=no
am_cv_CC_dependencies_compiler_type=gcc3
am_cv_CXX_dependencies_compiler_type=gcc3
am_cv_make_support_nested_variables=yes
am_cv_prog_cc_c_o=yes
lt_cv_ar_at_file=@
lt_cv_archive_cmds_need_lc=no
lt_cv_deplibs_check_method=pass_all
lt_cv_file_magic_cmd='$MAGIC_CMD'
lt_cv_file_magic_test_file=
lt_cv_ld_reload_flag=-r
lt_cv_nm_interface='BSD nm'
lt_cv_objdir=.libs
lt_cv_path_LD=/usr/bin/x86_64-linux-gnu-ld
lt_cv_path_LDCXX='/usr/bin/x86_64-linux-gnu-ld -m elf_x86_64'
lt_cv_path_NM='/usr/bin/nm -B'
lt_cv_path_mainfest_tool=no
lt_cv_prog_compiler_c_o=yes
lt_cv_prog_compiler_c_o_CXX=yes
lt_cv_prog_compiler_pic='-fPIC -DPIC'
lt_cv_prog_compiler_pic_CXX='-fPIC -DPIC'
lt_cv_prog_compiler_pic_works=yes
lt_cv_prog_compiler_pic_works_CXX=yes
lt_cv_prog_compiler_rtti_exceptions=no
lt_cv_prog_compiler_static_works=yes
lt_cv_prog_compiler_static_works_CXX=yes
lt_cv_prog_gnu_ld=yes
lt_cv_prog_gnu_ldcxx=yes
lt_cv_sharedlib_from_linklib_cmd='printf %s\n'
lt_cv_shlibpath_overrides_runpath=yes
lt_cv_sys_global_symbol_pipe='sed -n -e '\''s/^.*[	 ]\([ABCDGIRSTW][ABCDGIRSTW]*\)[	 ][	 ]*\([_A-Za-z][_A-Za-z0-9]*\)$/\1 \2 \2/p'\'' | sed '\''/ __gnu_lto/d'\'''
lt_cv_sys_global_symbol_to_c_name_address='sed -n -e '\''s/^: \([^ ]*\)[ ]*$/  {\"\1\", (void *) 0},/p'\'' -e '\''s/^[ABCDGIRSTW]* \([^ ]*\) \([^ ]*\)$/  {"\2", (void *) \&\2},/p'\'''
lt_cv_sys_global_symbol_to_c_name_address_lib_prefix='sed -n -e '\''s/^: \([^ ]*\)[ ]*$/  {\"\1\", (void *) 0},/p'\'' -e '\''s/^[ABCDGIRSTW]* \([^ ]*\) \(lib[^ ]*\)$/  {"\2", (void *) \&\2},/p'\'' -e '\''s/^[ABCDGIRSTW]* \([^ ]*\) \([^ ]*\)$/  {"lib\2", (void *) \&\2},/p'\'''
lt_cv_sys_global_symbol_to_cdecl='sed -n -e '\''s/^T .* \(.*\)$/extern int \1();/p'\'' -e '\''s/^[ABCDGIRSTW]* .* \(.*\)$/extern char \1;/p'\'''
lt_cv_sys_max_cmd_len=1572864
lt_cv_to_host_file_cmd=func_convert_file_noop
lt_cv_to_tool_file_cmd=func_convert_file_noop
pkg_cv_protobuf_CFLAGS='-pthread -I/usr/local/include'
pkg_cv_protobuf_LIBS='-L/usr/local/lib -lprotobuf -pthread -lpthread'

## ----------------- ##
## Output variables. ##
## ----------------- ##










	$(LCOV) $(code_coverage_quiet) --directory $(CODE_COVERAGE_DIRECTORY) --capture --output-file "$(CODE_COVERAGE_OUTPUT_FILE).tmp" --test-name "$(PACKAGE_NAME)-$(PACKAGE_VERSION)" --no-checksum --compat-libtool $(CODE_COVERAGE_LCOV_OPTIONS)
	$(LCOV) $(code_coverage_quiet) --directory $(CODE_COVERAGE_DIRECTORY) --remove "$(CODE_COVERAGE_OUTPUT_FILE).tmp" "/tmp/*" $(CODE_COVERAGE_IGNORE_PATTERN) --output-file "$(CODE_COVERAGE_OUTPUT_FILE)"
	$(MAKE) $(AM_MAKEFLAGS) code-coverage-capture
	-$(LCOV) --directory $(CODE_COVERAGE_DIRECTORY) -z
	-$(MAKE) $(AM_MAKEFLAGS) -k check
	-@rm -f $(CODE_COVERAGE_OUTPUT_FILE).tmp
	-find . -name "*.gcda" -o -name "*.gcov" -delete
	-rm -rf $(CODE_COVERAGE_OUTPUT_FILE) $(CODE_COVERAGE_OUTPUT_FILE).tmp $(CODE_COVERAGE_OUTPUT_DIRECTORY)
	@echo "Need to reconfigure with --enable-code-coverage"
	@echo "Need to reconfigure with --enable-code-coverage"
	@echo "file://$(abs_builddir)/$(CODE_COVERAGE_OUTPUT_DIRECTORY)/index.html"
	LANG=C $(GENHTML) $(code_coverage_quiet) --prefix $(CODE_COVERAGE_DIRECTORY) --output-directory "$(CODE_COVERAGE_OUTPUT_DIRECTORY)" --title "$(PACKAGE_NAME)-$(PACKAGE_VERSION) Code Coverage" --legend --show-details "$(CODE_COVERAGE_OUTPUT_FILE)" $(CODE_COVERAGE_GENHTML_OPTIONS)
#
#
#    $(PACKAGE_NAME)-$(PACKAGE_VERSION)-coverage)
#    $(PACKAGE_NAME)-$(PACKAGE_VERSION)-coverage.info)
#    (Default: $(top_builddir))
#    (Default: empty)
#    by lcov for code coverage. (Default:
#    instance. (Default: empty)
#    reports to be created. (Default:
#  - CODE_COVERAGE_DIRECTORY: Top-level directory for code coverage reporting.
#  - CODE_COVERAGE_GENHTML_OPTIONS: Extra options to pass to the genhtml
#  - CODE_COVERAGE_IGNORE_PATTERN: Extra glob pattern of files to ignore
#  - CODE_COVERAGE_LCOV_OPTIONS: Extra options to pass to the lcov instance.
#  - CODE_COVERAGE_OUTPUT_DIRECTORY: Directory for generated code coverage
#  - CODE_COVERAGE_OUTPUT_FILE: Filename and path for the .info file generated
# $(PACKAGE_VERSION). In order to add the current git hash to the title,
# Capture code coverage data
# Code coverage
# Hook rule executed before code-coverage-capture, overridable by the user
# Optional variables
# Optional:
# The generated report will be titled using the $(PACKAGE_NAME) and
# Use recursive makes in order to ignore errors during check
# use the git-version-gen script, available online.
'
.PHONY: check-code-coverage code-coverage-capture code-coverage-capture-hook code-coverage-clean
ACLOCAL='${SHELL} /home/work/fth/protobuf-c-1.2.1/build-aux/missing aclocal-1.15'
AMDEPBACKSLASH='\'
AMDEP_FALSE='#'
AMDEP_TRUE=''
AMTAR='$${TAR-tar}'
AM_BACKSLASH='\'
AM_DEFAULT_V='$(AM_DEFAULT_VERBOSITY)'
AM_DEFAULT_VERBOSITY='0'
AM_V='$(V)'
AR='ar'
AUTOCONF='${SHELL} /home/work/fth/protobuf-c-1.2.1/build-aux/missing autoconf'
AUTOHEADER='${SHELL} /home/work/fth/protobuf-c-1.2.1/build-aux/missing autoheader'
AUTOMAKE='${SHELL} /home/work/fth/protobuf-c-1.2.1/build-aux/missing automake-1.15'
AWK='mawk'
BUILD_COMPILER_FALSE='#'
BUILD_COMPILER_TRUE=''
CC='gcc'
CCDEPMODE='depmode=gcc3'
CFLAGS='-g -O2'
CODE_COVERAGE_CFLAGS=''
CODE_COVERAGE_DIRECTORY ?= $(abs_top_builddir)
CODE_COVERAGE_ENABLED='no'
CODE_COVERAGE_ENABLED_FALSE=''
CODE_COVERAGE_ENABLED_TRUE='#'
CODE_COVERAGE_GENHTML_OPTIONS ?=
CODE_COVERAGE_IGNORE_PATTERN ?=
CODE_COVERAGE_LCOV_OPTIONS ?=
CODE_COVERAGE_LDFLAGS=''
CODE_COVERAGE_OUTPUT_DIRECTORY ?= $(PACKAGE_NAME)-$(PACKAGE_VERSION)-coverage
CODE_COVERAGE_OUTPUT_FILE ?= $(PACKAGE_NAME)-$(PACKAGE_VERSION)-coverage.info
CODE_COVERAGE_RULES='
CPP='gcc -E'
CPPFLAGS=''
CROSS_COMPILING_FALSE=''
CROSS_COMPILING_TRUE='#'
CXX='g++'
CXXCPP='g++ -E'
CXXDEPMODE='depmode=gcc3'
CXXFLAGS='-g -O2'
CYGPATH_W='echo'
DEFS='-DHAVE_CONFIG_H'
DEPDIR='.deps'
DISTCHECK_CONFIGURE_FLAGS += --disable-code-coverage
DISTCHECK_CONFIGURE_FLAGS ?=
DLLTOOL='false'
DOXYGEN=''
DOXYGEN_INPUT=''
DSYMUTIL=''
DUMPBIN=''
ECHO_C=''
ECHO_N='-n'
ECHO_T=''
EGREP='/bin/grep -E'
EXEEXT=''
FGREP='/bin/grep -F'
GENHTML=''
GITIGNOREFILES += $(CODE_COVERAGE_OUTPUT_FILE) $(CODE_COVERAGE_OUTPUT_DIRECTORY)
GITIGNOREFILES ?=
GREP='/bin/grep'
HAVE_DOXYGEN_FALSE=''
HAVE_DOXYGEN_TRUE='#'
HAVE_LD_VERSION_SCRIPT_FALSE='#'
HAVE_LD_VERSION_SCRIPT_TRUE=''
INSTALL_DATA='${INSTALL} -m 644'
INSTALL_PROGRAM='${INSTALL}'
INSTALL_SCRIPT='${INSTALL}'
INSTALL_STRIP_PROGRAM='$(install_sh) -c -s'
LCOV=''
LD='/usr/bin/x86_64-linux-gnu-ld -m elf_x86_64'
LDFLAGS=''
LIBOBJS=''
LIBS=''
LIBTOOL='$(SHELL) $(top_builddir)/libtool'
LIPO=''
LN_S='ln -s'
LTLIBOBJS=''
MAKEINFO='${SHELL} /home/work/fth/protobuf-c-1.2.1/build-aux/missing makeinfo'
MANIFEST_TOOL=':'
MKDIR_P='/bin/mkdir -p'
NM='/usr/bin/nm -B'
NMEDIT=''
OBJDUMP='objdump'
OBJEXT='o'
OTOOL64=''
OTOOL=''
PACKAGE='protobuf-c'
PACKAGE_BUGREPORT='https://github.com/protobuf-c/protobuf-c/issues'
PACKAGE_DESCRIPTION='Protocol Buffers implementation in C'
PACKAGE_NAME='protobuf-c'
PACKAGE_STRING='protobuf-c 1.2.1'
PACKAGE_TARNAME='protobuf-c'
PACKAGE_URL='https://github.com/protobuf-c/protobuf-c'
PACKAGE_VERSION='1.2.1'
PATH_SEPARATOR=':'
PKG_CONFIG='/usr/bin/pkg-config'
PKG_CONFIG_LIBDIR=''
PKG_CONFIG_PATH=''
PROTOC='/usr/local/bin/protoc'
RANLIB='ranlib'
SED='/bin/sed'
SET_MAKE=''
SHELL='/bin/bash'
STRIP='strip'
VALGRIND=''
VERSION='1.2.1'
ac_ct_AR='ar'
ac_ct_CC='gcc'
ac_ct_CXX='g++'
ac_ct_DUMPBIN=''
am__EXEEXT_FALSE=''
am__EXEEXT_TRUE='#'
am__fastdepCC_FALSE='#'
am__fastdepCC_TRUE=''
am__fastdepCXX_FALSE='#'
am__fastdepCXX_TRUE=''
am__include='include'
am__isrc=''
am__leading_dot='.'
am__nodep='_no'
am__quote=''
am__tar='$${TAR-tar} chof - "$$tardir"'
am__untar='$${TAR-tar} xf -'
bindir='${exec_prefix}/bin'
build='x86_64-pc-linux-gnu'
build_alias=''
build_cpu='x86_64'
build_os='linux-gnu'
build_vendor='pc'
check-code-coverage:
clean: code-coverage-clean
code-coverage-capture-hook:
code-coverage-capture: code-coverage-capture-hook
code-coverage-clean:
code_coverage_quiet = $(code_coverage_quiet_$(V))
code_coverage_quiet_ = $(code_coverage_quiet_$(AM_DEFAULT_VERBOSITY))
code_coverage_quiet_0 = --quiet
datadir='${datarootdir}'
datarootdir='${prefix}/share'
docdir='${datarootdir}/doc/${PACKAGE_TARNAME}'
dvidir='${docdir}'
else
else
endif
endif
endif
exec_prefix='${prefix}'
host='x86_64-pc-linux-gnu'
host_alias=''
host_cpu='x86_64'
host_os='linux-gnu'
host_vendor='pc'
htmldir='${docdir}'
ifeq ($(CODE_COVERAGE_ENABLED),yes)
ifeq ($(CODE_COVERAGE_ENABLED),yes)
ifeq ($(CODE_COVERAGE_ENABLED),yes)
includedir='${prefix}/include'
infodir='${datarootdir}/info'
install_sh='${SHELL} /home/work/fth/protobuf-c-1.2.1/build-aux/install-sh'
libdir='${exec_prefix}/lib'
libexecdir='${exec_prefix}/libexec'
localedir='${datarootdir}/locale'
localstatedir='${prefix}/var'
mandir='${datarootdir}/man'
mkdir_p='$(MKDIR_P)'
oldincludedir='/usr/include'
pdfdir='${docdir}'
pkgconfigdir='${libdir}/pkgconfig'
prefix='/usr/local'
program_transform_name='s,x,x,'
protobuf_CFLAGS='-pthread -I/usr/local/include'
protobuf_LIBS='-L/usr/local/lib -lprotobuf -pthread -lpthread'
psdir='${docdir}'
runstatedir='${localstatedir}/run'
sbindir='${exec_prefix}/sbin'
sharedstatedir='${prefix}/com'
sysconfdir='${prefix}/etc'
target_alias=''

## ----------- ##
## confdefs.h. ##
## ----------- ##

/* confdefs.h */
#define PACKAGE_NAME "protobuf-c"
#define PACKAGE_TARNAME "protobuf-c"
#define PACKAGE_VERSION "1.2.1"
#define PACKAGE_STRING "protobuf-c 1.2.1"
#define PACKAGE_BUGREPORT "https://github.com/protobuf-c/protobuf-c/issues"
#define PACKAGE_URL "https://github.com/protobuf-c/protobuf-c"
#define PACKAGE "protobuf-c"
#define VERSION "1.2.1"
#define STDC_HEADERS 1
#define HAVE_SYS_TYPES_H 1
#define HAVE_SYS_STAT_H 1
#define HAVE_STDLIB_H 1
#define HAVE_STRING_H 1
#define HAVE_MEMORY_H 1
#define HAVE_STRINGS_H 1
#define HAVE_INTTYPES_H 1
#define HAVE_STDINT_H 1
#define HAVE_UNISTD_H 1
#define __EXTENSIONS__ 1
#define _ALL_SOURCE 1
#define _GNU_SOURCE 1
#define _POSIX_PTHREAD_SEMANTICS 1
#define _TANDEM_SOURCE 1
#define HAVE_DLFCN_H 1
#define LT_OBJDIR ".libs/"
#define HAVE_GOOGLE_PROTOBUF_COMPILER_COMMAND_LINE_INTERFACE_H 1

configure: exit 0
